<?xml version="1.0" encoding="UTF-8"?>
<!-- Generated by org.testng.reporters.JUnitReportReporter -->
<testsuite skipped="0" hostname="UOGZ3MVKD5273QJ" name="testCases.generalStore.TC1_1_FormValidation" tests="2" failures="0" timestamp="2020-09-18T09:54:05 EDT" time="57.907" errors="0">
  <testcase name="formValidation" time="33.104" classname="testCases.generalStore.TC1_1_FormValidation"/>
  <system-out/>
  <testcase name="toastMessageValidation" time="24.803" classname="testCases.generalStore.TC1_1_FormValidation"/>
  <system-out/>
</testsuite> <!-- testCases.generalStore.TC1_1_FormValidation -->
