<?xml version="1.0" encoding="UTF-8"?>
<!-- Generated by org.testng.reporters.JUnitReportReporter -->
<testsuite skipped="0" hostname="RayDesktop" name="testCases.generalStore.TC1_FormValidation" tests="2" failures="0" timestamp="2020-10-29T19:24:14 EDT" time="60.177" errors="0">
  <testcase name="formValidation" time="34.765" classname="testCases.generalStore.TC1_FormValidation"/>
  <system-out/>
  <testcase name="toastMessageValidation" time="25.412" classname="testCases.generalStore.TC1_FormValidation"/>
  <system-out/>
</testsuite> <!-- testCases.generalStore.TC1_FormValidation -->
