<?xml version="1.0" encoding="UTF-8"?>
<!-- Generated by org.testng.reporters.JUnitReportReporter -->
<testsuite skipped="0" hostname="UOGZ3MVKD5273QJ" name="practice.AppiumFramwork.APIDemoTest" tests="1" failures="0" timestamp="2020-09-17T19:59:08 EDT" time="35.753" errors="0">
  <testcase name="apiDemo" time="35.753" classname="practice.AppiumFramwork.APIDemoTest"/>
  <system-out/>
</testsuite> <!-- practice.AppiumFramwork.APIDemoTest -->
