<?xml version="1.0" encoding="UTF-8"?>
<!-- Generated by org.testng.reporters.JUnitReportReporter -->
<testsuite skipped="0" hostname="UOGZ3MVKD5273QJ" name="practice.AppiumFramwork.TestCase4" tests="1" failures="0" timestamp="2020-09-17T19:23:02 EDT" time="45.226" errors="0">
  <testcase name="totalValidation" time="45.226" classname="practice.AppiumFramwork.TestCase4"/>
  <system-out/>
</testsuite> <!-- practice.AppiumFramwork.TestCase4 -->
