<?xml version="1.0" encoding="UTF-8"?>
<!-- Generated by org.testng.reporters.JUnitReportReporter -->
<testsuite skipped="0" hostname="RayDesktop" name="testCases.apiDemo.ApiDemoTest" tests="2" failures="0" timestamp="2020-10-29T18:53:23 EDT" time="59.453" errors="0">
  <testcase name="apiDemoTest" time="29.711" classname="testCases.apiDemo.ApiDemoTest"/>
  <system-out/>
  <testcase name="apiDemoTest" time="29.742" classname="testCases.apiDemo.ApiDemoTest"/>
  <system-out/>
</testsuite> <!-- testCases.apiDemo.ApiDemoTest -->
