<?xml version="1.0" encoding="UTF-8"?>
<!-- Generated by org.testng.reporters.JUnitReportReporter -->
<testsuite skipped="0" hostname="RayDesktop" name="testCases.generalStore.TC3_VerifyShoppingCart" tests="1" failures="0" timestamp="2020-09-24T10:15:13 EDT" time="30.530" errors="0">
  <testcase name="addingProducts" time="30.530" classname="testCases.generalStore.TC3_VerifyShoppingCart"/>
  <system-out/>
</testsuite> <!-- testCases.generalStore.TC3_VerifyShoppingCart -->
