<?xml version="1.0" encoding="UTF-8"?>
<!-- Generated by org.testng.reporters.JUnitReportReporter -->
<testsuite skipped="0" hostname="RayDesktop" name="testCases.generalStore.TC4_VerifyTotalAmount" tests="1" failures="0" timestamp="2020-09-24T10:15:13 EDT" time="25.997" errors="0">
  <testcase name="totalValidation" time="25.997" classname="testCases.generalStore.TC4_VerifyTotalAmount"/>
  <system-out/>
</testsuite> <!-- testCases.generalStore.TC4_VerifyTotalAmount -->
