<?xml version="1.0" encoding="UTF-8"?>
<!-- Generated by org.testng.reporters.JUnitReportReporter -->
<testsuite skipped="0" hostname="UOGZ3MVKD5273QJ" name="testCases.generalStore.TestCase2" tests="1" failures="0" timestamp="2020-09-18T10:31:25 EDT" time="48.560" errors="0">
  <testcase name="addingProducts" time="48.560" classname="testCases.generalStore.TestCase2"/>
  <system-out/>
</testsuite> <!-- testCases.generalStore.TestCase2 -->
