<?xml version="1.0" encoding="UTF-8"?>
<!-- Generated by org.testng.reporters.JUnitReportReporter -->
<testsuite skipped="0" hostname="RayDesktop" name="testCases.generalStore.TC5_TermsAndProceedValidation" tests="1" failures="0" timestamp="2020-09-24T10:15:13 EDT" time="29.575" errors="0">
  <testcase name="termsValidation" time="29.575" classname="testCases.generalStore.TC5_TermsAndProceedValidation"/>
  <system-out/>
</testsuite> <!-- testCases.generalStore.TC5_TermsAndProceedValidation -->
